{"/Users/yuanlevaileo/Documents/coding-file/node js express/unit-test-with-jest/app.js": {"path":"/Users/yuanlevaileo/Documents/coding-file/node js express/unit-test-with-jest/app.js","all":false,"statementMap":{"0":{"start":{"line":1,"column":0},"end":{"line":1,"column":35}},"1":{"start":{"line":2,"column":0},"end":{"line":2,"column":0}},"2":{"start":{"line":3,"column":0},"end":{"line":3,"column":62}},"3":{"start":{"line":4,"column":0},"end":{"line":4,"column":0}},"4":{"start":{"line":5,"column":0},"end":{"line":5,"column":22}},"5":{"start":{"line":6,"column":0},"end":{"line":6,"column":24}},"6":{"start":{"line":7,"column":0},"end":{"line":7,"column":0}},"7":{"start":{"line":8,"column":0},"end":{"line":8,"column":35}},"8":{"start":{"line":9,"column":0},"end":{"line":9,"column":38}},"9":{"start":{"line":10,"column":0},"end":{"line":10,"column":0}},"10":{"start":{"line":11,"column":0},"end":{"line":11,"column":27}},"11":{"start":{"line":12,"column":0},"end":{"line":12,"column":58}},"12":{"start":{"line":13,"column":0},"end":{"line":13,"column":5}},"13":{"start":{"line":14,"column":0},"end":{"line":14,"column":0}},"14":{"start":{"line":15,"column":0},"end":{"line":15,"column":20}}},"s":{"0":1,"1":1,"2":1,"3":1,"4":1,"5":1,"6":1,"7":1,"8":1,"9":1,"10":1,"11":1,"12":1,"13":1,"14":1},"branchMap":{},"b":{},"fnMap":{},"f":{}}
,"/Users/yuanlevaileo/Documents/coding-file/node js express/unit-test-with-jest/controllers/baseController.js": {"path":"/Users/yuanlevaileo/Documents/coding-file/node js express/unit-test-with-jest/controllers/baseController.js","all":false,"statementMap":{"0":{"start":{"line":1,"column":0},"end":{"line":1,"column":19}},"1":{"start":{"line":2,"column":0},"end":{"line":2,"column":25}},"2":{"start":{"line":3,"column":0},"end":{"line":3,"column":28}},"3":{"start":{"line":4,"column":0},"end":{"line":4,"column":32}},"4":{"start":{"line":5,"column":0},"end":{"line":5,"column":8}},"5":{"start":{"line":6,"column":0},"end":{"line":6,"column":5}},"6":{"start":{"line":7,"column":0},"end":{"line":7,"column":0}},"7":{"start":{"line":8,"column":0},"end":{"line":8,"column":23}},"8":{"start":{"line":9,"column":0},"end":{"line":9,"column":25}},"9":{"start":{"line":10,"column":0},"end":{"line":10,"column":25}},"10":{"start":{"line":11,"column":0},"end":{"line":11,"column":0}},"11":{"start":{"line":12,"column":0},"end":{"line":12,"column":64}},"12":{"start":{"line":13,"column":0},"end":{"line":13,"column":38}},"13":{"start":{"line":14,"column":0},"end":{"line":14,"column":38}},"14":{"start":{"line":15,"column":0},"end":{"line":15,"column":11}},"15":{"start":{"line":16,"column":0},"end":{"line":16,"column":7}},"16":{"start":{"line":17,"column":0},"end":{"line":17,"column":0}},"17":{"start":{"line":18,"column":0},"end":{"line":18,"column":20}},"18":{"start":{"line":19,"column":0},"end":{"line":19,"column":0}},"19":{"start":{"line":20,"column":0},"end":{"line":20,"column":59}},"20":{"start":{"line":21,"column":0},"end":{"line":21,"column":29}},"21":{"start":{"line":22,"column":0},"end":{"line":22,"column":14}},"22":{"start":{"line":23,"column":0},"end":{"line":23,"column":23}},"23":{"start":{"line":24,"column":0},"end":{"line":24,"column":7}},"24":{"start":{"line":25,"column":0},"end":{"line":25,"column":0}},"25":{"start":{"line":26,"column":0},"end":{"line":26,"column":16}},"26":{"start":{"line":27,"column":0},"end":{"line":27,"column":24}},"27":{"start":{"line":28,"column":0},"end":{"line":28,"column":8}},"28":{"start":{"line":29,"column":0},"end":{"line":29,"column":4}},"29":{"start":{"line":30,"column":0},"end":{"line":30,"column":2}}},"s":{"0":1,"1":1,"2":1,"3":1,"4":1,"5":1,"6":1,"7":1,"8":4,"9":4,"10":4,"11":4,"12":1,"13":1,"14":1,"15":1,"16":3,"17":3,"18":3,"19":4,"20":1,"21":4,"22":2,"23":2,"24":3,"25":3,"26":3,"27":3,"28":3,"29":1},"branchMap":{"0":{"type":"branch","line":2,"loc":{"start":{"line":2,"column":10},"end":{"line":6,"column":4}},"locations":[{"start":{"line":2,"column":10},"end":{"line":6,"column":4}}]},"1":{"type":"branch","line":8,"loc":{"start":{"line":8,"column":8},"end":{"line":29,"column":4}},"locations":[{"start":{"line":8,"column":8},"end":{"line":29,"column":4}}]},"2":{"type":"branch","line":12,"loc":{"start":{"line":12,"column":33},"end":{"line":12,"column":61}},"locations":[{"start":{"line":12,"column":33},"end":{"line":12,"column":61}}]},"3":{"type":"branch","line":12,"loc":{"start":{"line":12,"column":63},"end":{"line":16,"column":7}},"locations":[{"start":{"line":12,"column":63},"end":{"line":16,"column":7}}]},"4":{"type":"branch","line":16,"loc":{"start":{"line":16,"column":6},"end":{"line":20,"column":35}},"locations":[{"start":{"line":16,"column":6},"end":{"line":20,"column":35}}]},"5":{"type":"branch","line":20,"loc":{"start":{"line":20,"column":31},"end":{"line":20,"column":56}},"locations":[{"start":{"line":20,"column":31},"end":{"line":20,"column":56}}]},"6":{"type":"branch","line":20,"loc":{"start":{"line":20,"column":58},"end":{"line":22,"column":7}},"locations":[{"start":{"line":20,"column":58},"end":{"line":22,"column":7}}]},"7":{"type":"branch","line":22,"loc":{"start":{"line":22,"column":7},"end":{"line":24,"column":7}},"locations":[{"start":{"line":22,"column":7},"end":{"line":24,"column":7}}]},"8":{"type":"branch","line":24,"loc":{"start":{"line":24,"column":6},"end":{"line":29,"column":4}},"locations":[{"start":{"line":24,"column":6},"end":{"line":29,"column":4}}]}},"b":{"0":[1],"1":[4],"2":[3],"3":[1],"4":[3],"5":[2],"6":[1],"7":[2],"8":[3]},"fnMap":{"0":{"name":"hello","decl":{"start":{"line":2,"column":10},"end":{"line":6,"column":4}},"loc":{"start":{"line":2,"column":10},"end":{"line":6,"column":4}},"line":2},"1":{"name":"sum","decl":{"start":{"line":8,"column":8},"end":{"line":29,"column":4}},"loc":{"start":{"line":8,"column":8},"end":{"line":29,"column":4}},"line":8}},"f":{"0":1,"1":4}}
}
