TN:
SF:app.js
FNF:0
FNH:0
DA:1,1
DA:2,1
DA:3,1
DA:4,1
DA:5,1
DA:6,1
DA:7,1
DA:8,1
DA:9,1
DA:10,1
DA:11,1
DA:12,1
DA:13,1
DA:14,1
DA:15,1
LF:15
LH:15
BRF:0
BRH:0
end_of_record
TN:
SF:controllers/baseController.js
FN:2,hello
FN:8,sum
FNF:2
FNH:2
FNDA:1,hello
FNDA:4,sum
DA:1,1
DA:2,1
DA:3,1
DA:4,1
DA:5,1
DA:6,1
DA:7,1
DA:8,1
DA:9,4
DA:10,4
DA:11,4
DA:12,4
DA:13,1
DA:14,1
DA:15,1
DA:16,1
DA:17,3
DA:18,3
DA:19,3
DA:20,4
DA:21,1
DA:22,4
DA:23,2
DA:24,2
DA:25,3
DA:26,3
DA:27,3
DA:28,3
DA:29,3
DA:30,1
LF:30
LH:30
BRDA:2,0,0,1
BRDA:8,1,0,4
BRDA:12,2,0,3
BRDA:12,3,0,1
BRDA:16,4,0,3
BRDA:20,5,0,2
BRDA:20,6,0,1
BRDA:22,7,0,2
BRDA:24,8,0,3
BRF:9
BRH:9
end_of_record
